<?xml version="1.0" encoding="UTF-8"?>
<testsuite xmlns:xsi="http://www.w3.org/2001/XMLSchema-instance" xsi:schemaLocation="https://maven.apache.org/surefire/maven-surefire-plugin/xsd/surefire-test-report.xsd" name="NumberOperationsTest" time="0.124" tests="5" errors="5" skipped="0" failures="0">
  <properties>
    <property name="java.runtime.name" value="OpenJDK Runtime Environment"/>
    <property name="java.vm.version" value="17.0.10+7-Debian-1deb12u1"/>
    <property name="sun.boot.library.path" value="/usr/lib/jvm/java-17-openjdk-amd64/lib"/>
    <property name="maven.multiModuleProjectDirectory" value="/home/rin/Documents/hse/tp/2tz/demo"/>
    <property name="java.vm.vendor" value="Debian"/>
    <property name="java.vendor.url" value="https://tracker.debian.org/openjdk-17"/>
    <property name="guice.disable.misplaced.annotation.check" value="true"/>
    <property name="path.separator" value=":"/>
    <property name="java.vm.name" value="OpenJDK 64-Bit Server VM"/>
    <property name="user.country" value="US"/>
    <property name="sun.java.launcher" value="SUN_STANDARD"/>
    <property name="java.vm.specification.name" value="Java Virtual Machine Specification"/>
    <property name="user.dir" value="/home/rin/Documents/hse/tp/2tz"/>
    <property name="java.vm.compressedOopsMode" value="32-bit"/>
    <property name="java.runtime.version" value="17.0.10+7-Debian-1deb12u1"/>
    <property name="os.arch" value="amd64"/>
    <property name="java.io.tmpdir" value="/tmp"/>
    <property name="line.separator" value="&#10;"/>
    <property name="java.vm.specification.vendor" value="Oracle Corporation"/>
    <property name="os.name" value="Linux"/>
    <property name="classworlds.conf" value="/usr/share/maven/bin/m2.conf"/>
    <property name="sun.jnu.encoding" value="UTF-8"/>
    <property name="java.library.path" value="/usr/java/packages/lib:/usr/lib/x86_64-linux-gnu/jni:/lib/x86_64-linux-gnu:/usr/lib/x86_64-linux-gnu:/usr/lib/jni:/lib:/usr/lib"/>
    <property name="maven.conf" value="/usr/share/maven/conf"/>
    <property name="jdk.debug" value="release"/>
    <property name="java.class.version" value="61.0"/>
    <property name="java.specification.name" value="Java Platform API Specification"/>
    <property name="sun.management.compiler" value="HotSpot 64-Bit Tiered Compilers"/>
    <property name="os.version" value="6.1.0-18-amd64"/>
    <property name="library.jansi.path" value="/usr/share/maven/lib/jansi-native"/>
    <property name="user.home" value="/home/rin"/>
    <property name="user.timezone" value="Europe/Moscow"/>
    <property name="file.encoding" value="UTF-8"/>
    <property name="java.specification.version" value="17"/>
    <property name="user.name" value="rin"/>
    <property name="java.class.path" value="/usr/share/maven/boot/plexus-classworlds-2.x.jar"/>
    <property name="java.vm.specification.version" value="17"/>
    <property name="sun.arch.data.model" value="64"/>
    <property name="sun.java.command" value="org.codehaus.plexus.classworlds.launcher.Launcher test -f /home/rin/Documents/hse/tp/2tz/demo/pom.xml"/>
    <property name="java.home" value="/usr/lib/jvm/java-17-openjdk-amd64"/>
    <property name="user.language" value="en"/>
    <property name="java.specification.vendor" value="Oracle Corporation"/>
    <property name="java.vm.info" value="mixed mode, sharing"/>
    <property name="java.version" value="17.0.10"/>
    <property name="native.encoding" value="UTF-8"/>
    <property name="java.vendor" value="Debian"/>
    <property name="sun.stderr.encoding" value="UTF-8"/>
    <property name="maven.home" value="/usr/share/maven"/>
    <property name="file.separator" value="/"/>
    <property name="java.version.date" value="2024-01-16"/>
    <property name="java.vendor.url.bug" value="https://bugs.debian.org/openjdk-17"/>
    <property name="sun.io.unicode.encoding" value="UnicodeLittle"/>
    <property name="sun.cpu.endian" value="little"/>
    <property name="sun.stdout.encoding" value="UTF-8"/>
  </properties>
  <testcase name="testMax" classname="NumberOperationsTest" time="0.017">
    <error message="Unresolved compilation problem: &#10;	Unhandled exception type FileNotFoundException&#10;" type="java.lang.Error">java.lang.Error: 
Unresolved compilation problem: 
	Unhandled exception type FileNotFoundException

	at NumberOperationsTest.testMax(NumberOperationsTest.java:28)
</error>
  </testcase>
  <testcase name="testMin" classname="NumberOperationsTest" time="0">
    <error message="Unresolved compilation problem: &#10;	Unhandled exception type FileNotFoundException&#10;" type="java.lang.Error">java.lang.Error: 
Unresolved compilation problem: 
	Unhandled exception type FileNotFoundException

	at NumberOperationsTest.testMin(NumberOperationsTest.java:19)
</error>
  </testcase>
  <testcase name="testSum" classname="NumberOperationsTest" time="0.004">
    <error message="Unresolved compilation problem: &#10;	Unhandled exception type FileNotFoundException&#10;" type="java.lang.Error">java.lang.Error: 
Unresolved compilation problem: 
	Unhandled exception type FileNotFoundException

	at NumberOperationsTest.testSum(NumberOperationsTest.java:36)
</error>
  </testcase>
  <testcase name="testEqual" classname="NumberOperationsTest" time="0.002">
    <error message="Unresolved compilation problems: &#10;	Unhandled exception type FileNotFoundException&#10;	Unhandled exception type FileNotFoundException&#10;" type="java.lang.Error">java.lang.Error: 
Unresolved compilation problems: 
	Unhandled exception type FileNotFoundException
	Unhandled exception type FileNotFoundException

	at NumberOperationsTest.testEqual(NumberOperationsTest.java:61)
</error>
  </testcase>
  <testcase name="testMult" classname="NumberOperationsTest" time="0.002">
    <error message="Unresolved compilation problem: &#10;	Unhandled exception type FileNotFoundException&#10;" type="java.lang.Error">java.lang.Error: 
Unresolved compilation problem: 
	Unhandled exception type FileNotFoundException

	at NumberOperationsTest.testMult(NumberOperationsTest.java:44)
</error>
  </testcase>
</testsuite>